<?xml version="1.0" encoding="UTF-8"?>
<!-- Generated by org.testng.reporters.JUnitReportReporter -->
<testsuite skipped="0" hostname="SILICUS253" name="testDemo.Test3" tests="1" failures="0" timestamp="09 Aug 2019 04:27:15 GMT" time="0.018" errors="0">
  <testcase name="InsuranceLogin" time="0.018" classname="testDemo.Test3"/>
</testsuite> <!-- testDemo.Test3 -->
