<?xml version="1.0" encoding="UTF-8"?>
<!-- Generated by org.testng.reporters.JUnitReportReporter -->
<testsuite skipped="0" hostname="SILICUS253" name="testDemo.HandlingGlobalValuesFromProperties" tests="1" failures="0" timestamp="09 Aug 2019 04:53:09 GMT" time="24.524" errors="0">
  <testcase name="openBrowserWithoutHardcoding" time="24.524" classname="testDemo.HandlingGlobalValuesFromProperties"/>
</testsuite> <!-- testDemo.HandlingGlobalValuesFromProperties -->
