<?xml version="1.0" encoding="UTF-8"?>
<!-- Generated by org.testng.reporters.JUnitReportReporter -->
<testsuite skipped="0" hostname="SILICUS253" name="testDemo.Test2" tests="2" failures="0" timestamp="08 Aug 2019 05:57:42 GMT" time="0.017" errors="0">
  <testcase name="webLoginHomeLoan" time="0.006" classname="testDemo.Test2"/>
  <testcase name="mobileLoginHomeLoan" time="0.011" classname="testDemo.Test2"/>
</testsuite> <!-- testDemo.Test2 -->
